\BOOKMARK [0][-]{cover.0}{\376\377\134\001\227\142}{}% 1
\BOOKMARK [0][-]{originalitydeclaration.0}{\376\377\162\354\122\033\140\047\130\360\146\016}{}% 2
\BOOKMARK [0][-]{chineseabstract.0}{\376\377\116\055\145\207\144\130\211\201}{}% 3
\BOOKMARK [0][-]{englishabstract.0}{\376\377\202\361\145\207\144\130\211\201}{}% 4
\BOOKMARK [0][-]{toc.0}{\376\377\166\356\000\040\137\125}{}% 5
\BOOKMARK [0][-]{chapter.1}{\376\377\173\054\116\000\172\340\000\040\176\352\000\040\213\272}{}% 6
\BOOKMARK [1][-]{section.1.1}{\376\377\0001\000.\0001\000\040\170\024\172\166\135\345\117\134\166\204\200\314\146\157\116\016\141\017\116\111}{chapter.1}% 7
\BOOKMARK [1][-]{section.1.2}{\376\377\0001\000.\0002\000\040\126\375\121\205\131\026\170\024\172\166\123\206\123\362\116\016\163\260\162\266}{chapter.1}% 8
\BOOKMARK [2][-]{subsection.1.2.1}{\376\377\0001\000.\0002\000.\0001\000\040\117\040\176\337\117\115\177\156\230\204\155\113\145\271\154\325}{section.1.2}% 9
\BOOKMARK [2][-]{subsection.1.2.2}{\376\377\0001\000.\0002\000.\0002\000\040\127\372\116\216\171\136\176\317\177\121\176\334\152\041\127\213\166\204\117\115\177\156\230\204\155\113\145\271\154\325}{section.1.2}% 10
\BOOKMARK [3][-]{subsubsection.1.2.2.1}{\376\377\0001\000.\0002\000.\0002\000.\0001\000\040\127\372\116\216\145\366\225\364\136\217\122\027\166\204\171\136\176\317\177\121\176\334\152\041\127\213}{subsection.1.2.2}% 11
\BOOKMARK [3][-]{subsubsection.1.2.2.2}{\376\377\0001\000.\0002\000.\0002\000.\0002\000\040\136\372\152\041\145\366\172\172\162\171\137\201\166\204\171\136\176\317\177\121\176\334\152\041\127\213}{subsection.1.2.2}% 12
\BOOKMARK [2][-]{subsection.1.2.3}{\376\377\0001\000.\0002\000.\0003\000\040\163\260\147\011\135\345\117\134\140\073\176\323}{section.1.2}% 13
\BOOKMARK [1][-]{section.1.3}{\376\377\0001\000.\0003\000\040\147\054\145\207\166\204\116\073\211\201\215\041\163\056\116\016\122\033\145\260}{chapter.1}% 14
\BOOKMARK [1][-]{section.1.4}{\376\377\0001\000.\0004\000\040\147\054\213\272\145\207\166\204\176\323\147\204\133\211\143\222}{chapter.1}% 15
\BOOKMARK [0][-]{chapter.2}{\376\377\173\054\116\214\172\340\000\040\166\370\121\163\164\006\213\272\127\372\170\100}{}% 16
\BOOKMARK [1][-]{section.2.1}{\376\377\0002\000.\0001\000\040\137\025\212\000}{chapter.2}% 17
\BOOKMARK [1][-]{section.2.2}{\376\377\0002\000.\0002\000\040\166\370\121\163\142\200\147\057}{chapter.2}% 18
\BOOKMARK [2][-]{subsection.2.2.1}{\376\377\0002\000.\0002\000.\0001\000\040\122\006\174\173\116\373\122\241\123\312\121\166\213\304\116\367\143\007\150\007}{section.2.2}% 19
\BOOKMARK [3][-]{subsubsection.2.2.1.1}{\376\377\0002\000.\0002\000.\0001\000.\0001\000\040\122\006\174\173\116\373\122\241}{subsection.2.2.1}% 20
\BOOKMARK [3][-]{subsubsection.2.2.1.2}{\376\377\0002\000.\0002\000.\0001\000.\0002\000\040\136\070\165\050\213\304\116\367\143\007\150\007}{subsection.2.2.1}% 21
\BOOKMARK [2][-]{subsection.2.2.2}{\376\377\0002\000.\0002\000.\0002\000\040\137\252\163\257\171\136\176\317\177\121\176\334}{section.2.2}% 22
\BOOKMARK [2][-]{subsection.2.2.3}{\376\377\0002\000.\0002\000.\0003\000\040\225\177\167\355\145\366\213\260\137\306\177\121\176\334}{section.2.2}% 23
\BOOKMARK [1][-]{section.2.3}{\376\377\0002\000.\0003\000\040\145\366\172\172\162\171\137\201\136\372\152\041\145\271\154\325}{chapter.2}% 24
\BOOKMARK [2][-]{subsection.2.3.1}{\376\377\0002\000.\0003\000.\0001\000\040\127\372\116\216\145\366\172\172\162\171\137\201\166\204\137\252\163\257\171\136\176\317\177\121\176\334}{section.2.3}% 25
\BOOKMARK [2][-]{subsection.2.3.2}{\376\377\0002\000.\0003\000.\0002\000\040\122\006\134\102\145\366\172\172\225\177\167\355\145\366\213\260\137\306\177\121\176\334}{section.2.3}% 26
\BOOKMARK [2][-]{subsection.2.3.3}{\376\377\0002\000.\0003\000.\0003\000\040\145\366\172\172\225\350\143\247\177\121\176\334}{section.2.3}% 27
\BOOKMARK [2][-]{subsection.2.3.4}{\376\377\0002\000.\0003\000.\0004\000\040\145\366\172\172\126\376\123\167\171\357\177\121\176\334}{section.2.3}% 28
\BOOKMARK [1][-]{section.2.4}{\376\377\0002\000.\0004\000\040\145\160\143\156\226\306\116\313\176\315}{chapter.2}% 29
\BOOKMARK [1][-]{section.2.5}{\376\377\0002\000.\0005\000\040\147\054\172\340\134\017\176\323}{chapter.2}% 30
\BOOKMARK [0][-]{chapter.3}{\376\377\173\054\116\011\172\340\000\040\127\372\116\216\117\341\140\157\207\215\124\010\166\204\217\150\217\371\230\204\155\113\173\227\154\325}{}% 31
\BOOKMARK [1][-]{section.3.1}{\376\377\0003\000.\0001\000\040\137\025\212\000}{chapter.3}% 32
\BOOKMARK [1][-]{section.3.2}{\376\377\0003\000.\0002\000\040\145\366\172\172\225\350\143\247\137\252\163\257\177\121\176\334}{chapter.3}% 33
\BOOKMARK [2][-]{subsection.3.2.1}{\376\377\0003\000.\0002\000.\0001\000\040\217\150\217\371\230\204\155\113\225\356\230\230\133\232\116\111}{section.3.2}% 34
\BOOKMARK [2][-]{subsection.3.2.2}{\376\377\0003\000.\0002\000.\0002\000\040\150\007\121\306\225\350\143\247\137\252\163\257\123\125\121\103}{section.3.2}% 35
\BOOKMARK [2][-]{subsection.3.2.3}{\376\377\0003\000.\0002\000.\0003\000\040\145\366\172\172\225\350\143\247\137\252\163\257\123\125\121\103}{section.3.2}% 36
\BOOKMARK [2][-]{subsection.3.2.4}{\376\377\0003\000.\0002\000.\0004\000\040\152\041\127\213\122\006\147\220\116\016\213\255\176\303}{section.3.2}% 37
\BOOKMARK [1][-]{section.3.3}{\376\377\0003\000.\0003\000\040\133\236\232\214\116\016\122\006\147\220}{chapter.3}% 38
\BOOKMARK [2][-]{subsection.3.3.1}{\376\377\0003\000.\0003\000.\0001\000\040\133\236\232\214\221\115\177\156\124\214\127\372\176\277\145\271\154\325}{section.3.3}% 39
\BOOKMARK [2][-]{subsection.3.3.2}{\376\377\0003\000.\0003\000.\0002\000\040\213\304\116\367\143\007\150\007}{section.3.3}% 40
\BOOKMARK [2][-]{subsection.3.3.3}{\376\377\0003\000.\0003\000.\0003\000\040\133\371\153\324\133\236\232\214}{section.3.3}% 41
\BOOKMARK [2][-]{subsection.3.3.4}{\376\377\0003\000.\0003\000.\0004\000\040\155\210\207\215\133\236\232\214}{section.3.3}% 42
\BOOKMARK [2][-]{subsection.3.3.5}{\376\377\0003\000.\0003\000.\0005\000\040\136\224\165\050\122\006\147\220}{section.3.3}% 43
\BOOKMARK [1][-]{section.3.4}{\376\377\0003\000.\0004\000\040\147\054\172\340\134\017\202\202}{chapter.3}% 44
\BOOKMARK [0][-]{chapter.4}{\376\377\173\054\126\333\172\340\000\040\127\372\116\216\172\172\225\364\162\171\137\201\130\236\137\072\166\204\200\132\226\306\230\204\155\113\145\271\154\325}{}% 45
\BOOKMARK [1][-]{section.4.1}{\376\377\0004\000.\0001\000\040\137\025\212\000}{chapter.4}% 46
\BOOKMARK [1][-]{section.4.2}{\376\377\0004\000.\0002\000\040\127\372\116\216\172\172\225\364\162\171\137\201\130\236\137\072\166\204\200\132\226\306\230\204\155\113\152\041\127\213}{chapter.4}% 47
\BOOKMARK [2][-]{subsection.4.2.1}{\376\377\0004\000.\0002\000.\0001\000\040\200\132\226\306\230\204\155\113\225\356\230\230\133\232\116\111\123\312\152\041\127\213\147\266\147\204}{section.4.2}% 48
\BOOKMARK [2][-]{subsection.4.2.2}{\376\377\0004\000.\0002\000.\0002\000\040\136\014\134\024\117\057\162\171\146\362\176\277\166\204\123\072\127\337\150\007\173\176\165\037\142\020}{section.4.2}% 49
\BOOKMARK [3][-]{subsubsection.4.2.2.1}{\376\377\0004\000.\0002\000.\0002\000.\0001\000\040\136\070\165\050\150\007\173\176\165\037\142\020\145\271\154\325\133\130\127\050\166\204\225\356\230\230}{subsection.4.2.2}% 50
\BOOKMARK [3][-]{subsubsection.4.2.2.2}{\376\377\0004\000.\0002\000.\0002\000.\0002\000\040\136\014\134\024\117\057\162\171\146\362\176\277}{subsection.4.2.2}% 51
\BOOKMARK [3][-]{subsubsection.4.2.2.3}{\376\377\0004\000.\0002\000.\0002\000.\0003\000\040\117\177\165\050\136\014\134\024\117\057\162\171\142\153\143\317\173\227\154\325\165\037\142\020\123\072\127\337\177\026\123\367}{subsection.4.2.2}% 52
\BOOKMARK [2][-]{subsection.4.2.3}{\376\377\0004\000.\0002\000.\0003\000\040\215\357\177\121\126\376\147\204\136\372\123\312\217\150\217\371\160\271\123\071\221\115}{section.4.2}% 53
\BOOKMARK [2][-]{subsection.4.2.4}{\376\377\0004\000.\0002\000.\0004\000\040\127\372\116\216\126\376\123\167\171\357\177\121\176\334\166\204\215\357\177\121\202\202\160\271\135\114\121\145}{section.4.2}% 54
\BOOKMARK [1][-]{section.4.3}{\376\377\0004\000.\0003\000\040\133\236\232\214\116\016\122\006\147\220}{chapter.4}% 55
\BOOKMARK [2][-]{subsection.4.3.1}{\376\377\0004\000.\0003\000.\0001\000\040\133\236\232\214\221\115\177\156}{section.4.3}% 56
\BOOKMARK [2][-]{subsection.4.3.2}{\376\377\0004\000.\0003\000.\0002\000\040\133\371\153\324\133\236\232\214}{section.4.3}% 57
\BOOKMARK [2][-]{subsection.4.3.3}{\376\377\0004\000.\0003\000.\0003\000\040\155\210\207\215\133\236\232\214}{section.4.3}% 58
\BOOKMARK [2][-]{subsection.4.3.4}{\376\377\0004\000.\0003\000.\0004\000\040\136\224\165\050\122\006\147\220}{section.4.3}% 59
\BOOKMARK [1][-]{section.4.4}{\376\377\0004\000.\0004\000\040\147\054\172\340\134\017\176\323}{chapter.4}% 60
\BOOKMARK [0][-]{chapter.5}{\376\377\173\054\116\224\172\340\000\040\127\372\116\216\127\316\136\002\155\101\221\317\166\204\200\132\226\306\230\204\155\113\124\112\213\146\174\373\176\337\133\236\163\260}{}% 61
\BOOKMARK [1][-]{section.5.1}{\376\377\0005\000.\0001\000\040\137\025\212\000}{chapter.5}% 62
\BOOKMARK [1][-]{section.5.2}{\376\377\0005\000.\0002\000\040\174\373\176\337\151\202\217\360}{chapter.5}% 63
\BOOKMARK [1][-]{section.5.3}{\376\377\0005\000.\0003\000\040\227\000\154\102\122\006\147\220}{chapter.5}% 64
\BOOKMARK [1][-]{section.5.4}{\376\377\0005\000.\0004\000\040\174\373\176\337\133\236\163\260}{chapter.5}% 65
\BOOKMARK [2][-]{subsection.5.4.1}{\376\377\0005\000.\0004\000.\0001\000\040\215\104\156\220\173\241\164\006\152\041\127\127}{section.5.4}% 66
\BOOKMARK [2][-]{subsection.5.4.2}{\376\377\0005\000.\0004\000.\0002\000\040\145\160\143\156\117\040\217\223\124\214\131\004\164\006\152\041\127\127}{section.5.4}% 67
\BOOKMARK [2][-]{subsection.5.4.3}{\376\377\0005\000.\0004\000.\0003\000\040\200\132\226\306\230\204\155\113\152\041\127\127}{section.5.4}% 68
\BOOKMARK [2][-]{subsection.5.4.4}{\376\377\0005\000.\0004\000.\0004\000\040\122\115\172\357\116\244\116\222\152\041\127\127}{section.5.4}% 69
\BOOKMARK [2][-]{subsection.5.4.5}{\376\377\0005\000.\0004\000.\0005\000\040\200\132\226\306\230\204\155\113\176\323\147\234\134\125\171\072\165\114\227\142}{section.5.4}% 70
\BOOKMARK [1][-]{section.5.5}{\376\377\0005\000.\0005\000\040\174\373\176\337\134\125\171\072}{chapter.5}% 71
\BOOKMARK [1][-]{section.5.6}{\376\377\0005\000.\0006\000\040\174\373\176\337\155\113\213\325}{chapter.5}% 72
\BOOKMARK [2][-]{subsection.5.6.1}{\376\377\0005\000.\0006\000.\0001\000\040\122\237\200\375\155\113\213\325}{section.5.6}% 73
\BOOKMARK [2][-]{subsection.5.6.2}{\376\377\0005\000.\0006\000.\0002\000\040\140\047\200\375\155\113\213\325}{section.5.6}% 74
\BOOKMARK [1][-]{section.5.7}{\376\377\0005\000.\0007\000\040\147\054\172\340\134\017\176\323}{chapter.5}% 75
\BOOKMARK [0][-]{chapter.6}{\376\377\173\054\121\155\172\340\000\040\140\073\176\323\116\016\134\125\147\033}{}% 76
\BOOKMARK [1][-]{section.6.1}{\376\377\0006\000.\0001\000\040\121\150\145\207\140\073\176\323}{chapter.6}% 77
\BOOKMARK [1][-]{section.6.2}{\376\377\0006\000.\0002\000\040\124\016\176\355\135\345\117\134\134\125\147\033}{chapter.6}% 78
\BOOKMARK [0][-]{chapter*.60}{\376\377\201\364\000\040\214\042}{}% 79
\BOOKMARK [0][-]{appendix*.61}{\376\377\123\302\200\003\145\207\163\056}{}% 80
\BOOKMARK [0][-]{appendix*.62}{\376\377\145\073\213\373\170\125\130\353\133\146\117\115\147\037\225\364\123\326\137\227\166\204\142\020\147\234}{}% 81
